
*** Running vivado
    with args -log main_design_enable_0_0.vds -m64 -product Vivado -mode batch -messageDb vivado.pb -notrace -source main_design_enable_0_0.tcl


****** Vivado v2022.1 (64-bit)
  **** SW Build 3526262 on Mon Apr 18 15:47:01 MDT 2022
  **** IP Build 3524634 on Mon Apr 18 20:55:01 MDT 2022
    ** Copyright 1986-2022 Xilinx, Inc. All Rights Reserved.

source main_design_enable_0_0.tcl -notrace
INFO: [IP_Flow 19-234] Refreshing IP repositories
INFO: [IP_Flow 19-1704] No user IP repositories specified
INFO: [IP_Flow 19-2313] Loaded Vivado IP repository '/tools/Xilinx/Vivado/2022.1/data/ip'.
Command: synth_design -top main_design_enable_0_0 -part xc7z020clg400-1 -incremental_mode off -mode out_of_context
Starting synth_design
Attempting to get a license for feature 'Synthesis' and/or device 'xc7z020'
INFO: [Common 17-349] Got license for feature 'Synthesis' and/or device 'xc7z020'
INFO: [Designutils 20-5008] Incremental synthesis strategy off
INFO: [Synth 8-7079] Multithreading enabled for synth_design using a maximum of 4 processes.
INFO: [Synth 8-7078] Launching helper process for spawning children vivado processes
INFO: [Synth 8-7075] Helper process launched with PID 302037
---------------------------------------------------------------------------------
Starting Synthesize : Time (s): cpu = 00:00:02 ; elapsed = 00:00:03 . Memory (MB): peak = 2614.953 ; gain = 0.000 ; free physical = 129 ; free virtual = 6309
---------------------------------------------------------------------------------
INFO: [Synth 8-638] synthesizing module 'main_design_enable_0_0' [/home/rootuser/Desktop/Vivado/rgb_clk_dvdr/rgb_clk_dvdr.gen/sources_1/bd/main_design/ip/main_design_enable_0_0/synth/main_design_enable_0_0.vhd:64]
INFO: [Synth 8-3491] module 'enable' declared at '/home/rootuser/Desktop/Vivado/rgb_clk_dvdr/rgb_clk_dvdr.srcs/sources_1/new/enable.vhd:34' bound to instance 'U0' of component 'enable' [/home/rootuser/Desktop/Vivado/rgb_clk_dvdr/rgb_clk_dvdr.gen/sources_1/bd/main_design/ip/main_design_enable_0_0/synth/main_design_enable_0_0.vhd:83]
INFO: [Synth 8-638] synthesizing module 'enable' [/home/rootuser/Desktop/Vivado/rgb_clk_dvdr/rgb_clk_dvdr.srcs/sources_1/new/enable.vhd:40]
WARNING: [Synth 8-614] signal 'clk_in' is read in the process but is not in the sensitivity list [/home/rootuser/Desktop/Vivado/rgb_clk_dvdr/rgb_clk_dvdr.srcs/sources_1/new/enable.vhd:44]
INFO: [Synth 8-256] done synthesizing module 'enable' (0#1) [/home/rootuser/Desktop/Vivado/rgb_clk_dvdr/rgb_clk_dvdr.srcs/sources_1/new/enable.vhd:40]
INFO: [Synth 8-256] done synthesizing module 'main_design_enable_0_0' (0#1) [/home/rootuser/Desktop/Vivado/rgb_clk_dvdr/rgb_clk_dvdr.gen/sources_1/bd/main_design/ip/main_design_enable_0_0/synth/main_design_enable_0_0.vhd:64]
---------------------------------------------------------------------------------
Finished Synthesize : Time (s): cpu = 00:00:03 ; elapsed = 00:00:04 . Memory (MB): peak = 2614.953 ; gain = 0.000 ; free physical = 1265 ; free virtual = 7416
---------------------------------------------------------------------------------
---------------------------------------------------------------------------------
Finished Constraint Validation : Time (s): cpu = 00:00:04 ; elapsed = 00:00:04 . Memory (MB): peak = 2614.953 ; gain = 0.000 ; free physical = 1259 ; free virtual = 7410
---------------------------------------------------------------------------------
---------------------------------------------------------------------------------
Start Loading Part and Timing Information
---------------------------------------------------------------------------------
Loading part: xc7z020clg400-1
---------------------------------------------------------------------------------
Finished Loading Part and Timing Information : Time (s): cpu = 00:00:04 ; elapsed = 00:00:04 . Memory (MB): peak = 2622.957 ; gain = 8.004 ; free physical = 1259 ; free virtual = 7410
---------------------------------------------------------------------------------
INFO: [Device 21-403] Loading part xc7z020clg400-1
WARNING: [Synth 8-327] inferring latch for variable 'clk_out_reg' [/home/rootuser/Desktop/Vivado/rgb_clk_dvdr/rgb_clk_dvdr.srcs/sources_1/new/enable.vhd:47]
---------------------------------------------------------------------------------
Finished RTL Optimization Phase 2 : Time (s): cpu = 00:00:04 ; elapsed = 00:00:04 . Memory (MB): peak = 2622.957 ; gain = 8.004 ; free physical = 1255 ; free virtual = 7410
---------------------------------------------------------------------------------
No constraint files found.
---------------------------------------------------------------------------------
Start RTL Component Statistics 
---------------------------------------------------------------------------------
Detailed RTL Component Info : 
---------------------------------------------------------------------------------
Finished RTL Component Statistics 
---------------------------------------------------------------------------------
---------------------------------------------------------------------------------
Start Part Resource Summary
---------------------------------------------------------------------------------
Part Resources:
DSPs: 220 (col length:60)
BRAMs: 280 (col length: RAMB18 60 RAMB36 30)
---------------------------------------------------------------------------------
Finished Part Resource Summary
---------------------------------------------------------------------------------
No constraint files found.
---------------------------------------------------------------------------------
Start Cross Boundary and Area Optimization
---------------------------------------------------------------------------------
WARNING: [Synth 8-7080] Parallel synthesis criteria is not met
---------------------------------------------------------------------------------
Finished Cross Boundary and Area Optimization : Time (s): cpu = 00:00:06 ; elapsed = 00:00:07 . Memory (MB): peak = 2622.957 ; gain = 8.004 ; free physical = 930 ; free virtual = 7122
---------------------------------------------------------------------------------
No constraint files found.
---------------------------------------------------------------------------------
Start Timing Optimization
---------------------------------------------------------------------------------
---------------------------------------------------------------------------------
Finished Timing Optimization : Time (s): cpu = 00:00:06 ; elapsed = 00:00:07 . Memory (MB): peak = 2622.957 ; gain = 8.004 ; free physical = 925 ; free virtual = 7117
---------------------------------------------------------------------------------
---------------------------------------------------------------------------------
Start Technology Mapping
---------------------------------------------------------------------------------
---------------------------------------------------------------------------------
Finished Technology Mapping : Time (s): cpu = 00:00:06 ; elapsed = 00:00:07 . Memory (MB): peak = 2622.957 ; gain = 8.004 ; free physical = 925 ; free virtual = 7117
---------------------------------------------------------------------------------
---------------------------------------------------------------------------------
Start IO Insertion
---------------------------------------------------------------------------------
---------------------------------------------------------------------------------
Start Flattening Before IO Insertion
---------------------------------------------------------------------------------
---------------------------------------------------------------------------------
Finished Flattening Before IO Insertion
---------------------------------------------------------------------------------
---------------------------------------------------------------------------------
Start Final Netlist Cleanup
---------------------------------------------------------------------------------
---------------------------------------------------------------------------------
Finished Final Netlist Cleanup
---------------------------------------------------------------------------------
---------------------------------------------------------------------------------
Finished IO Insertion : Time (s): cpu = 00:00:09 ; elapsed = 00:00:09 . Memory (MB): peak = 2622.957 ; gain = 8.004 ; free physical = 924 ; free virtual = 7117
---------------------------------------------------------------------------------
---------------------------------------------------------------------------------
Start Renaming Generated Instances
---------------------------------------------------------------------------------
---------------------------------------------------------------------------------
Finished Renaming Generated Instances : Time (s): cpu = 00:00:09 ; elapsed = 00:00:09 . Memory (MB): peak = 2622.957 ; gain = 8.004 ; free physical = 924 ; free virtual = 7117
---------------------------------------------------------------------------------
---------------------------------------------------------------------------------
Start Rebuilding User Hierarchy
---------------------------------------------------------------------------------
---------------------------------------------------------------------------------
Finished Rebuilding User Hierarchy : Time (s): cpu = 00:00:09 ; elapsed = 00:00:09 . Memory (MB): peak = 2622.957 ; gain = 8.004 ; free physical = 924 ; free virtual = 7117
---------------------------------------------------------------------------------
---------------------------------------------------------------------------------
Start Renaming Generated Ports
---------------------------------------------------------------------------------
---------------------------------------------------------------------------------
Finished Renaming Generated Ports : Time (s): cpu = 00:00:09 ; elapsed = 00:00:09 . Memory (MB): peak = 2622.957 ; gain = 8.004 ; free physical = 924 ; free virtual = 7117
---------------------------------------------------------------------------------
---------------------------------------------------------------------------------
Start Handling Custom Attributes
---------------------------------------------------------------------------------
---------------------------------------------------------------------------------
Finished Handling Custom Attributes : Time (s): cpu = 00:00:09 ; elapsed = 00:00:09 . Memory (MB): peak = 2622.957 ; gain = 8.004 ; free physical = 924 ; free virtual = 7117
---------------------------------------------------------------------------------
---------------------------------------------------------------------------------
Start Renaming Generated Nets
---------------------------------------------------------------------------------
---------------------------------------------------------------------------------
Finished Renaming Generated Nets : Time (s): cpu = 00:00:09 ; elapsed = 00:00:09 . Memory (MB): peak = 2622.957 ; gain = 8.004 ; free physical = 924 ; free virtual = 7117
---------------------------------------------------------------------------------
---------------------------------------------------------------------------------
Start Writing Synthesis Report
---------------------------------------------------------------------------------

Report BlackBoxes: 
+-+--------------+----------+
| |BlackBox name |Instances |
+-+--------------+----------+
+-+--------------+----------+

Report Cell Usage: 
+------+-----+------+
|      |Cell |Count |
+------+-----+------+
|1     |LD   |     1|
+------+-----+------+

Report Instance Areas: 
+------+---------+-------+------+
|      |Instance |Module |Cells |
+------+---------+-------+------+
|1     |top      |       |     1|
|2     |  U0     |enable |     1|
+------+---------+-------+------+
---------------------------------------------------------------------------------
Finished Writing Synthesis Report : Time (s): cpu = 00:00:09 ; elapsed = 00:00:09 . Memory (MB): peak = 2622.957 ; gain = 8.004 ; free physical = 924 ; free virtual = 7117
---------------------------------------------------------------------------------
Synthesis finished with 0 errors, 0 critical warnings and 3 warnings.
Synthesis Optimization Runtime : Time (s): cpu = 00:00:09 ; elapsed = 00:00:09 . Memory (MB): peak = 2622.957 ; gain = 8.004 ; free physical = 925 ; free virtual = 7118
Synthesis Optimization Complete : Time (s): cpu = 00:00:09 ; elapsed = 00:00:09 . Memory (MB): peak = 2622.965 ; gain = 8.004 ; free physical = 925 ; free virtual = 7118
INFO: [Project 1-571] Translating synthesized netlist
Netlist sorting complete. Time (s): cpu = 00:00:00 ; elapsed = 00:00:00 . Memory (MB): peak = 2622.965 ; gain = 0.000 ; free physical = 1015 ; free virtual = 7211
INFO: [Netlist 29-17] Analyzing 1 Unisim elements for replacement
INFO: [Netlist 29-28] Unisim Transformation completed in 0 CPU seconds
INFO: [Project 1-570] Preparing netlist for logic optimization
INFO: [Opt 31-138] Pushed 0 inverter(s) to 0 load pin(s).
Netlist sorting complete. Time (s): cpu = 00:00:00 ; elapsed = 00:00:00 . Memory (MB): peak = 2622.965 ; gain = 0.000 ; free physical = 909 ; free virtual = 7120
INFO: [Project 1-111] Unisim Transformation Summary:
  A total of 1 instances were transformed.
  LD => LDCE: 1 instance 

Synth Design complete, checksum: 5dc8db0f
INFO: [Common 17-83] Releasing license: Synthesis
21 Infos, 3 Warnings, 0 Critical Warnings and 0 Errors encountered.
synth_design completed successfully
synth_design: Time (s): cpu = 00:00:13 ; elapsed = 00:00:11 . Memory (MB): peak = 2622.965 ; gain = 8.012 ; free physical = 1114 ; free virtual = 7325
INFO: [Timing 38-35] Done setting XDC timing constraints.
INFO: [Common 17-1381] The checkpoint '/home/rootuser/Desktop/Vivado/rgb_clk_dvdr/rgb_clk_dvdr.runs/main_design_enable_0_0_synth_1/main_design_enable_0_0.dcp' has been generated.
INFO: [Coretcl 2-1648] Added synthesis output to IP cache for IP main_design_enable_0_0, cache-ID = a30b8e14f5b86bef
INFO: [Common 17-1381] The checkpoint '/home/rootuser/Desktop/Vivado/rgb_clk_dvdr/rgb_clk_dvdr.runs/main_design_enable_0_0_synth_1/main_design_enable_0_0.dcp' has been generated.
INFO: [runtcl-4] Executing : report_utilization -file main_design_enable_0_0_utilization_synth.rpt -pb main_design_enable_0_0_utilization_synth.pb
INFO: [Common 17-206] Exiting Vivado at Thu Sep  1 23:02:41 2022...
